<?xml version="1.0" encoding="UTF-8"?>
<!-- Generated by org.testng.reporters.JUnitXMLReporter -->
<testsuite hostname="MohamedMurtuza" ignored="0" name="Test" tests="6" failures="0" timestamp="07 Apr 2020 18:02:31 GMT" time="0.072" errors="0">
  <testcase name="browserAutomation" time="0.012" classname="Qaclickacademy.SeleniumTest"/>
  <testcase name="elementUi" time="0.0" classname="Qaclickacademy.SeleniumTest"/>
  <testcase name="appiumTest" time="0.001" classname="Qaclickacademy.AppiumTest"/>
  <testcase name="mobileTest" time="0.001" classname="Qaclickacademy.AppiumTest"/>
  <testcase name="apiTest" time="0.0" classname="Qaclickacademy.RestAssuredTest"/>
  <testcase name="postmanTest" time="0.0" classname="Qaclickacademy.RestAssuredTest"/>
</testsuite> <!-- Test -->
