<?xml version="1.0" encoding="UTF-8"?>
<testng-results skipped="0" failed="0" ignored="0" total="1" passed="1">
  <reporter-output>
  </reporter-output>
  <suite name="Default suite" duration-ms="13150" started-at="2020-04-28T16:52:53 IST" finished-at="2020-04-28T16:53:06 IST">
    <groups>
    </groups>
    <test name="Default test" duration-ms="13150" started-at="2020-04-28T16:52:53 IST" finished-at="2020-04-28T16:53:06 IST">
      <class name="webElements.WebElementsSize">
        <test-method status="PASS" signature="findSize()[pri:0, instance:webElements.WebElementsSize@34cd072c]" name="findSize" duration-ms="13084" started-at="2020-04-28T16:52:53 IST" finished-at="2020-04-28T16:53:06 IST">
          <reporter-output>
          </reporter-output>
        </test-method> <!-- findSize -->
      </class> <!-- webElements.WebElementsSize -->
    </test> <!-- Default test -->
  </suite> <!-- Default suite -->
</testng-results>
